[NX v21.3.11 Daemon Server] - 2025-09-01T13:46:05.793Z - Started listening on: \\.\pipe\nx\C:\Users\ASUS\AppData\Local\Temp\f594fa98251f7bf8dec9\d.sock
[NX v21.3.11 Daemon Server] - 2025-09-01T13:46:05.817Z - [WATCHER]: Subscribed to changes within: C:\Users\ASUS\Desktop\jobber (native)
[NX v21.3.11 Daemon Server] - 2025-09-01T13:46:05.829Z - Established a connection. Number of open connections: 1
[NX v21.3.11 Daemon Server] - 2025-09-01T13:46:05.833Z - Established a connection. Number of open connections: 2
[NX v21.3.11 Daemon Server] - 2025-09-01T13:46:05.839Z - Closed a connection. Number of open connections: 1
[NX v21.3.11 Daemon Server] - 2025-09-01T13:46:05.845Z - [REQUEST]: Client Request for Project Graph Received
Time for 'plugin worker 20452 code loading' 64.7979
Time for 'plugin worker 7916 code loading' 49.488200000000035
Time for 'plugin worker 23568 code loading' 24.25630000000001
Time for 'plugin worker 7456 code loading' 83.43440000000004
Time for 'plugin worker 21564 code loading' 24.462800000000016
Time for 'plugin worker 12952 code loading' 98.3483
[NX v21.3.11 Daemon Server] - 2025-09-01T13:46:09.003Z - Time taken for 'Load Nx Plugin: C:\Users\ASUS\Desktop\jobber\node_modules\nx\src\plugins\package-json' 3126.2536ms
[NX v21.3.11 Daemon Server] - 2025-09-01T13:46:09.231Z - Time taken for 'Load Nx Plugin: C:\Users\ASUS\Desktop\jobber\node_modules\nx\src\plugins\project-json\build-nodes\project-json' 3352.0510000000004ms
[NX v21.3.11 Daemon Server] - 2025-09-01T13:46:09.539Z - Time taken for 'loadDefaultNxPlugins' 3667.3348ms
[NX v21.3.11 Daemon Server] - 2025-09-01T13:46:10.127Z - Time taken for 'Load Nx Plugin: @nx/jest/plugin' 4266.5463ms
[NX v21.3.11 Daemon Server] - 2025-09-01T13:46:10.173Z - Time taken for 'Load Nx Plugin: @nx/eslint/plugin' 4316.4611ms
[NX v21.3.11 Daemon Server] - 2025-09-01T13:46:10.895Z - [REQUEST]: Updated workspace context based on watched changes, recomputing project graph...
[NX v21.3.11 Daemon Server] - 2025-09-01T13:46:10.895Z - [REQUEST]: 
[NX v21.3.11 Daemon Server] - 2025-09-01T13:46:10.895Z - [REQUEST]: 
[NX v21.3.11 Daemon Server] - 2025-09-01T13:46:10.952Z - No files changed, but no in-memory cached project graph found. Recomputing it...
Time for 'nx/core/package-json:createNodes' 3.1914999999999054
[NX v21.3.11 Daemon Server] - 2025-09-01T13:46:10.988Z - Time taken for 'loadSpecifiedNxPlugins' 5040.820299999999ms
[NX v21.3.11 Daemon Server] - 2025-09-01T13:46:10.990Z - Established a connection. Number of open connections: 2
Time for 'nx/core/project-json:createNodes' 1.9106000000001586
[NX v21.3.11 Daemon Server] - 2025-09-01T13:46:10.990Z - Established a connection. Number of open connections: 3
[NX v21.3.11 Daemon Server] - 2025-09-01T13:46:10.991Z - Established a connection. Number of open connections: 4
[NX v21.3.11 Daemon Server] - 2025-09-01T13:46:10.991Z - Established a connection. Number of open connections: 5
[NX v21.3.11 Daemon Server] - 2025-09-01T13:46:10.993Z - Closed a connection. Number of open connections: 4
[NX v21.3.11 Daemon Server] - 2025-09-01T13:46:10.993Z - Closed a connection. Number of open connections: 3
Time for 'nx/js/dependencies-and-lockfile:createNodes' 39.9394999999995
[NX v21.3.11 Daemon Server] - 2025-09-01T13:46:11.089Z - [REQUEST]: Responding to the client. handleHashGlob
[NX v21.3.11 Daemon Server] - 2025-09-01T13:46:11.115Z - [REQUEST]: Responding to the client. handleGlob
[NX v21.3.11 Daemon Server] - 2025-09-01T13:46:11.115Z - Established a connection. Number of open connections: 4
[NX v21.3.11 Daemon Server] - 2025-09-01T13:46:11.116Z - Closed a connection. Number of open connections: 3
[NX v21.3.11 Daemon Server] - 2025-09-01T13:46:11.117Z - Established a connection. Number of open connections: 4
Time for 'total for sendMessageToDaemon()' 131.47569999999996
Time for 'deserialize daemon response' 0.07949999999982538
[NX v21.3.11 Daemon Server] - 2025-09-01T13:46:11.125Z - Done responding to the client handleHashGlob
[NX v21.3.11 Daemon Server] - 2025-09-01T13:46:11.125Z - Handled HASH_GLOB. Handling time: 78. Response time: 36.
[NX v21.3.11 Daemon Server] - 2025-09-01T13:46:11.126Z - Done responding to the client handleGlob
[NX v21.3.11 Daemon Server] - 2025-09-01T13:46:11.126Z - Handled GLOB. Handling time: 23. Response time: 11.
[NX v21.3.11 Daemon Server] - 2025-09-01T13:46:11.131Z - [REQUEST]: Responding to the client. handleHashMultiGlob
[NX v21.3.11 Daemon Server] - 2025-09-01T13:46:11.144Z - [REQUEST]: Responding to the client. handleHashMultiGlob
[NX v21.3.11 Daemon Server] - 2025-09-01T13:46:11.145Z - Done responding to the client handleHashMultiGlob
[NX v21.3.11 Daemon Server] - 2025-09-01T13:46:11.145Z - Handled HASH_GLOB. Handling time: 2. Response time: 14.
[NX v21.3.11 Daemon Server] - 2025-09-01T13:46:11.145Z - Done responding to the client handleHashMultiGlob
[NX v21.3.11 Daemon Server] - 2025-09-01T13:46:11.146Z - Handled HASH_GLOB. Handling time: 10. Response time: 2.
Time for 'total for sendMessageToDaemon()' 26.424799999999777
Time for 'deserialize daemon response' 0.04629999999997381
Time for '@nx/webpack/plugin:createNodes' 3617.3311999999996
Time for 'total for sendMessageToDaemon()' 109.03340000000026
Time for 'deserialize daemon response' 0.09680000000025757
Time for '@nx/jest/plugin:createNodes' 4445.546900000001
Time for 'total for sendMessageToDaemon()' 136.59389999999985
Time for 'deserialize daemon response' 0.061300000000301225
(node:7916) [DEP0180] DeprecationWarning: fs.Stats constructor is deprecated.
(Use `node --trace-deprecation ...` to show where the warning was created)
Time for '@nx/eslint/plugin:createNodes' 11542.5736
[NX v21.3.11 Daemon Server] - 2025-09-01T13:46:22.666Z - Time taken for 'build-project-configs' 11597.9549ms
Time for 'build typescript dependencies' 67.47810000000027
[NX v21.3.11 Daemon Server] - 2025-09-01T13:46:22.973Z - Wrote project graph cache to C:\Users\ASUS\Desktop\jobber\.nx\workspace-data\project-graph.json
[NX v21.3.11 Daemon Server] - 2025-09-01T13:46:22.973Z - [SYNC]: collect registered sync generators
[NX v21.3.11 Daemon Server] - 2025-09-01T13:46:22.977Z - [REQUEST]: Responding to the client. project-graph
[NX v21.3.11 Daemon Server] - 2025-09-01T13:46:22.981Z - Time taken for 'total for creating and serializing project graph' 17131.644399999997ms
[NX v21.3.11 Daemon Server] - 2025-09-01T13:46:22.985Z - Done responding to the client project-graph
[NX v21.3.11 Daemon Server] - 2025-09-01T13:46:22.985Z - Handled REQUEST_PROJECT_GRAPH. Handling time: 17132. Response time: 8.
[NX v21.3.11 Daemon Server] - 2025-09-01T13:46:26.353Z - Closed a connection. Number of open connections: 3
[NX v21.3.11 Daemon Server] - 2025-09-01T13:46:26.422Z - [WATCHER]: 0 file(s) created or restored, 2 file(s) modified, 0 file(s) deleted
[NX v21.3.11 Daemon Server] - 2025-09-01T13:46:26.422Z - [WATCHER]: Processing file changes in outputs
[NX v21.3.11 Daemon Server] - 2025-09-01T13:46:26.531Z - [REQUEST]: Updated workspace context based on watched changes, recomputing project graph...
[NX v21.3.11 Daemon Server] - 2025-09-01T13:46:26.531Z - [REQUEST]: nx.json,.github/workflows/ci.yml
[NX v21.3.11 Daemon Server] - 2025-09-01T13:46:26.531Z - [REQUEST]: 
Time for 'nx/core/package-json:createNodes' 1.166399999998248
Time for 'nx/core/project-json:createNodes' 1.340200000002369
[NX v21.3.11 Daemon Server] - 2025-09-01T13:46:26.556Z - [REQUEST]: Responding to the client. handleHashGlob
Time for '@nx/webpack/plugin:createNodes' 18.52849999999671
Time for 'total for sendMessageToDaemon()' 13.013999999999214
Time for 'deserialize daemon response' 0.0485000000007858
[NX v21.3.11 Daemon Server] - 2025-09-01T13:46:26.567Z - [REQUEST]: Responding to the client. handleGlob
Time for 'total for sendMessageToDaemon()' 21.18000000000029
Time for 'deserialize daemon response' 0.08559999999852153
Time for 'nx/js/dependencies-and-lockfile:createNodes' 16.254400000001624
[NX v21.3.11 Daemon Server] - 2025-09-01T13:46:26.581Z - [REQUEST]: Responding to the client. handleHashMultiGlob
Time for '@nx/jest/plugin:createNodes' 35.632799999999406
Time for 'total for sendMessageToDaemon()' 30.753099999998085
Time for 'deserialize daemon response' 0.0610000000015134
[NX v21.3.11 Daemon Server] - 2025-09-01T13:46:26.586Z - Time taken for 'hash changed files from watcher' 1.4305999999996857ms
[NX v21.3.11 Daemon Server] - 2025-09-01T13:46:26.587Z - Done responding to the client handleHashGlob
[NX v21.3.11 Daemon Server] - 2025-09-01T13:46:26.587Z - Handled HASH_GLOB. Handling time: 2. Response time: 31.
[NX v21.3.11 Daemon Server] - 2025-09-01T13:46:26.587Z - Done responding to the client handleGlob
[NX v21.3.11 Daemon Server] - 2025-09-01T13:46:26.587Z - Handled GLOB. Handling time: 7. Response time: 20.
[NX v21.3.11 Daemon Server] - 2025-09-01T13:46:26.596Z - [REQUEST]: Responding to the client. handleHashMultiGlob
Time for 'total for sendMessageToDaemon()' 27.838099999997212
Time for 'deserialize daemon response' 0.04809999999997672
[NX v21.3.11 Daemon Server] - 2025-09-01T13:46:26.625Z - Done responding to the client handleHashMultiGlob
[NX v21.3.11 Daemon Server] - 2025-09-01T13:46:26.625Z - Handled HASH_GLOB. Handling time: 9. Response time: 44.
[NX v21.3.11 Daemon Server] - 2025-09-01T13:46:26.625Z - Done responding to the client handleHashMultiGlob
[NX v21.3.11 Daemon Server] - 2025-09-01T13:46:26.625Z - Handled HASH_GLOB. Handling time: 6. Response time: 29.
Time for '@nx/eslint/plugin:createNodes' 194.67529999999897
[NX v21.3.11 Daemon Server] - 2025-09-01T13:46:26.758Z - Time taken for 'build-project-configs' 208.06359999999768ms
Time for 'build typescript dependencies' 0.25460000000020955
[NX v21.3.11 Daemon Server] - 2025-09-01T13:46:26.841Z - Wrote project graph cache to C:\Users\ASUS\Desktop\jobber\.nx\workspace-data\project-graph.json
[NX v21.3.11 Daemon Server] - 2025-09-01T13:46:26.841Z - [SYNC]: collect registered sync generators
[NX v21.3.11 Daemon Server] - 2025-09-01T13:46:26.842Z - [SYNC]: project graph hash is the same, not collecting task sync generators
[NX v21.3.11 Daemon Server] - 2025-09-01T13:46:26.843Z - [SYNC]: nx.json hash is the same, not collecting global sync generators
[NX v21.3.11 Daemon Server] - 2025-09-01T13:46:26.843Z - Time taken for 'total execution time for createProjectGraph()' 53.15680000000066ms
[NX v21.3.11 Daemon Server] - 2025-09-01T13:46:37.376Z - [WATCHER]: .github/workflows/ci.yml was modified
[NX v21.3.11 Daemon Server] - 2025-09-01T13:46:37.382Z - [WATCHER]: Processing file changes in outputs
[NX v21.3.11 Daemon Server] - 2025-09-01T13:46:37.605Z - [REQUEST]: Updated workspace context based on watched changes, recomputing project graph...
[NX v21.3.11 Daemon Server] - 2025-09-01T13:46:37.605Z - [REQUEST]: .github/workflows/ci.yml
[NX v21.3.11 Daemon Server] - 2025-09-01T13:46:37.605Z - [REQUEST]: 
Time for 'nx/core/package-json:createNodes' 1.2255000000004657
Time for 'nx/core/project-json:createNodes' 1.1405999999988126
Time for 'nx/js/dependencies-and-lockfile:createNodes' 17.590899999999237
[NX v21.3.11 Daemon Server] - 2025-09-01T13:46:37.745Z - [REQUEST]: Responding to the client. handleHashGlob
Time for '@nx/webpack/plugin:createNodes' 75.21780000000217
Time for 'total for sendMessageToDaemon()' 64.73009999999704
Time for 'deserialize daemon response' 0.050899999998364365
[NX v21.3.11 Daemon Server] - 2025-09-01T13:46:37.839Z - [REQUEST]: Responding to the client. handleGlob
Time for 'total for sendMessageToDaemon()' 155.06920000000173
Time for 'deserialize daemon response' 0.04290000000037253
[NX v21.3.11 Daemon Server] - 2025-09-01T13:46:37.845Z - [REQUEST]: Responding to the client. handleHashMultiGlob
[NX v21.3.11 Daemon Server] - 2025-09-01T13:46:37.847Z - Time taken for 'hash changed files from watcher' 0.48249999999825377ms
Time for '@nx/jest/plugin:createNodes' 167.05459999999948
Time for 'total for sendMessageToDaemon()' 157.8222999999998
Time for 'deserialize daemon response' 0.03659999999945285
[NX v21.3.11 Daemon Server] - 2025-09-01T13:46:37.859Z - Done responding to the client handleHashGlob
[NX v21.3.11 Daemon Server] - 2025-09-01T13:46:37.859Z - Handled HASH_GLOB. Handling time: 49. Response time: 114.
[NX v21.3.11 Daemon Server] - 2025-09-01T13:46:37.860Z - Done responding to the client handleGlob
[NX v21.3.11 Daemon Server] - 2025-09-01T13:46:37.860Z - Handled GLOB. Handling time: 87. Response time: 21.
[NX v21.3.11 Daemon Server] - 2025-09-01T13:46:37.869Z - [REQUEST]: Responding to the client. handleHashMultiGlob
[NX v21.3.11 Daemon Server] - 2025-09-01T13:46:37.870Z - Done responding to the client handleHashMultiGlob
[NX v21.3.11 Daemon Server] - 2025-09-01T13:46:37.870Z - Handled HASH_GLOB. Handling time: 1. Response time: 25.
[NX v21.3.11 Daemon Server] - 2025-09-01T13:46:37.871Z - Done responding to the client handleHashMultiGlob
[NX v21.3.11 Daemon Server] - 2025-09-01T13:46:37.872Z - Handled HASH_GLOB. Handling time: 7. Response time: 3.
Time for 'total for sendMessageToDaemon()' 29.28219999999783
Time for 'deserialize daemon response' 0.04309999999895808
Time for '@nx/eslint/plugin:createNodes' 445.8491999999969
[NX v21.3.11 Daemon Server] - 2025-09-01T13:46:38.157Z - Time taken for 'build-project-configs' 466.95040000000154ms
Time for 'build typescript dependencies' 0.03410000000076252
[NX v21.3.11 Daemon Server] - 2025-09-01T13:46:38.221Z - Wrote project graph cache to C:\Users\ASUS\Desktop\jobber\.nx\workspace-data\project-graph.json
[NX v21.3.11 Daemon Server] - 2025-09-01T13:46:38.221Z - [SYNC]: collect registered sync generators
[NX v21.3.11 Daemon Server] - 2025-09-01T13:46:38.222Z - [SYNC]: project graph hash is the same, not collecting task sync generators
[NX v21.3.11 Daemon Server] - 2025-09-01T13:46:38.223Z - [SYNC]: nx.json hash is the same, not collecting global sync generators
[NX v21.3.11 Daemon Server] - 2025-09-01T13:46:38.223Z - Time taken for 'total execution time for createProjectGraph()' 51.84909999999945ms
[NX v21.3.11 Daemon Server] - 2025-09-01T13:46:40.112Z - Established a connection. Number of open connections: 4
[NX v21.3.11 Daemon Server] - 2025-09-01T13:46:40.114Z - Closed a connection. Number of open connections: 3
[NX v21.3.11 Daemon Server] - 2025-09-01T13:46:40.120Z - Established a connection. Number of open connections: 4
[NX v21.3.11 Daemon Server] - 2025-09-01T13:46:40.121Z - Closed a connection. Number of open connections: 3
[NX v21.3.11 Daemon Server] - 2025-09-01T13:46:40.122Z - Established a connection. Number of open connections: 4
[NX v21.3.11 Daemon Server] - 2025-09-01T13:46:40.128Z - [REQUEST]: Client Request for Project Graph Received
[NX v21.3.11 Daemon Server] - 2025-09-01T13:46:40.129Z - Reusing in-memory cached project graph because no files changed.
[NX v21.3.11 Daemon Server] - 2025-09-01T13:46:40.130Z - [REQUEST]: Responding to the client. project-graph
[NX v21.3.11 Daemon Server] - 2025-09-01T13:46:40.131Z - Time taken for 'total for creating and serializing project graph' 1.23240000000078ms
[NX v21.3.11 Daemon Server] - 2025-09-01T13:46:40.133Z - Done responding to the client project-graph
[NX v21.3.11 Daemon Server] - 2025-09-01T13:46:40.134Z - Handled REQUEST_PROJECT_GRAPH. Handling time: 2. Response time: 4.
[NX v21.3.11 Daemon Server] - 2025-09-01T13:46:40.149Z - [REQUEST]: Responding to the client. handleContextFileData
[NX v21.3.11 Daemon Server] - 2025-09-01T13:46:40.150Z - Done responding to the client handleContextFileData
[NX v21.3.11 Daemon Server] - 2025-09-01T13:46:40.150Z - Handled GET_CONTEXT_FILE_DATA. Handling time: 0. Response time: 1.
[NX v21.3.11 Daemon Server] - 2025-09-01T13:46:40.152Z - Closed a connection. Number of open connections: 3
[NX v21.3.11 Daemon Server] - 2025-09-01T13:57:28.202Z - [WATCHER]: package.json was modified
[NX v21.3.11 Daemon Server] - 2025-09-01T13:57:28.233Z - [WATCHER]: Processing file changes in outputs
[NX v21.3.11 Daemon Server] - 2025-09-01T13:57:28.358Z - [REQUEST]: Updated workspace context based on watched changes, recomputing project graph...
[NX v21.3.11 Daemon Server] - 2025-09-01T13:57:28.359Z - [REQUEST]: package.json
[NX v21.3.11 Daemon Server] - 2025-09-01T13:57:28.359Z - [REQUEST]: 
[NX v21.3.11 Daemon Server] - 2025-09-01T13:57:28.493Z - Time taken for 'hash changed files from watcher' 7.269500000053085ms
Time for 'nx/core/project-json:createNodes' 57.21860000002198
Time for 'nx/core/package-json:createNodes' 55.036700000055134
[NX v21.3.11 Daemon Server] - 2025-09-01T13:57:28.828Z - [REQUEST]: Responding to the client. handleHashMultiGlob
[NX v21.3.11 Daemon Server] - 2025-09-01T13:57:28.829Z - Done responding to the client handleHashMultiGlob
[NX v21.3.11 Daemon Server] - 2025-09-01T13:57:28.829Z - Handled HASH_GLOB. Handling time: 17. Response time: 1.
Time for '@nx/jest/plugin:createNodes' 164.21529999992345
Time for 'total for sendMessageToDaemon()' 21.42599999997765
Time for 'deserialize daemon response' 0.04310000000987202
Time for 'nx/js/dependencies-and-lockfile:createNodes' 221.56160000001546
[NX v21.3.11 Daemon Server] - 2025-09-01T13:57:29.014Z - [REQUEST]: Responding to the client. handleHashGlob
[NX v21.3.11 Daemon Server] - 2025-09-01T13:57:29.015Z - Done responding to the client handleHashGlob
[NX v21.3.11 Daemon Server] - 2025-09-01T13:57:29.015Z - Handled HASH_GLOB. Handling time: 33. Response time: 1.
Time for '@nx/webpack/plugin:createNodes' 318.8390000000363
Time for 'total for sendMessageToDaemon()' 72.2900999999838
Time for 'deserialize daemon response' 0.08529999991878867
[NX v21.3.11 Daemon Server] - 2025-09-01T13:57:29.158Z - Established a connection. Number of open connections: 4
[NX v21.3.11 Daemon Server] - 2025-09-01T13:57:29.160Z - Closed a connection. Number of open connections: 3
[NX v21.3.11 Daemon Server] - 2025-09-01T13:57:29.161Z - Established a connection. Number of open connections: 4
[NX v21.3.11 Daemon Server] - 2025-09-01T13:57:29.161Z - Established a connection. Number of open connections: 5
[NX v21.3.11 Daemon Server] - 2025-09-01T13:57:29.163Z - Closed a connection. Number of open connections: 4
[NX v21.3.11 Daemon Server] - 2025-09-01T13:57:29.165Z - [REQUEST]: Client Request for Project Graph Received
[NX v21.3.11 Daemon Server] - 2025-09-01T13:57:29.169Z - Recomputing project graph because of 1 updated and 0 deleted files.
[NX v21.3.11 Daemon Server] - 2025-09-01T13:57:29.170Z - [REQUEST]: Updated workspace context based on watched changes, recomputing project graph...
[NX v21.3.11 Daemon Server] - 2025-09-01T13:57:29.170Z - [REQUEST]: package.json
[NX v21.3.11 Daemon Server] - 2025-09-01T13:57:29.170Z - [REQUEST]: 
Time for 'nx/core/project-json:createNodes' 1.246599999954924
[NX v21.3.11 Daemon Server] - 2025-09-01T13:57:29.270Z - Time taken for 'hash changed files from watcher' 0.3802999999606982ms
Time for 'nx/core/package-json:createNodes' 4.142600000021048
[NX v21.3.11 Daemon Server] - 2025-09-01T13:57:29.292Z - [REQUEST]: Responding to the client. handleHashGlob
Time for '@nx/webpack/plugin:createNodes' 65.09320000000298
Time for 'total for sendMessageToDaemon()' 53.72080000001006
Time for 'deserialize daemon response' 0.04560000007040799
Time for 'nx/js/dependencies-and-lockfile:createNodes' 28.618900000001304
[NX v21.3.11 Daemon Server] - 2025-09-01T13:57:29.313Z - [REQUEST]: Responding to the client. handleHashMultiGlob
[NX v21.3.11 Daemon Server] - 2025-09-01T13:57:29.313Z - Done responding to the client handleHashGlob
[NX v21.3.11 Daemon Server] - 2025-09-01T13:57:29.314Z - Handled HASH_GLOB. Handling time: 15. Response time: 22.
Time for '@nx/jest/plugin:createNodes' 48.05070000002161
Time for 'total for sendMessageToDaemon()' 36.027099999948405
Time for 'deserialize daemon response' 0.054699999978765845
[NX v21.3.11 Daemon Server] - 2025-09-01T13:57:29.329Z - [REQUEST]: Responding to the client. handleGlob
[NX v21.3.11 Daemon Server] - 2025-09-01T13:57:29.329Z - Done responding to the client handleHashMultiGlob
[NX v21.3.11 Daemon Server] - 2025-09-01T13:57:29.330Z - Handled HASH_GLOB. Handling time: 16. Response time: 17.
[NX v21.3.11 Daemon Server] - 2025-09-01T13:57:29.336Z - Done responding to the client handleGlob
[NX v21.3.11 Daemon Server] - 2025-09-01T13:57:29.336Z - Handled GLOB. Handling time: 2. Response time: 7.
Time for 'total for sendMessageToDaemon()' 21.606999999959953
Time for 'deserialize daemon response' 0.08490000001620501
[NX v21.3.11 Daemon Server] - 2025-09-01T13:57:29.369Z - [REQUEST]: Responding to the client. handleGlob
[NX v21.3.11 Daemon Server] - 2025-09-01T13:57:29.370Z - Done responding to the client handleGlob
[NX v21.3.11 Daemon Server] - 2025-09-01T13:57:29.370Z - Handled GLOB. Handling time: 25. Response time: 1.
Time for 'total for sendMessageToDaemon()' 39.416399999987334
Time for 'deserialize daemon response' 0.03960000001825392
[NX v21.3.11 Daemon Server] - 2025-09-01T13:57:29.380Z - [REQUEST]: Responding to the client. handleHashMultiGlob
[NX v21.3.11 Daemon Server] - 2025-09-01T13:57:29.381Z - Done responding to the client handleHashMultiGlob
[NX v21.3.11 Daemon Server] - 2025-09-01T13:57:29.381Z - Handled HASH_GLOB. Handling time: 5. Response time: 1.
Time for 'total for sendMessageToDaemon()' 10.343099999940023
Time for 'deserialize daemon response' 0.036499999929219484
[NX v21.3.11 Daemon Server] - 2025-09-01T13:57:29.483Z - [REQUEST]: Responding to the client. handleHashMultiGlob
[NX v21.3.11 Daemon Server] - 2025-09-01T13:57:29.485Z - Done responding to the client handleHashMultiGlob
[NX v21.3.11 Daemon Server] - 2025-09-01T13:57:29.485Z - Handled HASH_GLOB. Handling time: 59. Response time: 2.
Time for '@nx/eslint/plugin:createNodes' 1165.9609000000637
Time for 'total for sendMessageToDaemon()' 1102.5429000000004
Time for 'deserialize daemon response' 0.027999999932944775
[NX v21.3.11 Daemon Server] - 2025-09-01T13:57:30.546Z - Time taken for 'build-project-configs' 1265.8050999999978ms
[NX v21.3.11 Daemon Server] - 2025-09-01T13:57:30.607Z - [WATCHER]: Processing file changes in outputs
Time for 'build typescript dependencies' 0.07829999993555248
[NX v21.3.11 Daemon Server] - 2025-09-01T13:57:30.660Z - Wrote project graph cache to C:\Users\ASUS\Desktop\jobber\.nx\workspace-data\project-graph.json
[NX v21.3.11 Daemon Server] - 2025-09-01T13:57:30.660Z - [SYNC]: collect registered sync generators
[NX v21.3.11 Daemon Server] - 2025-09-01T13:57:30.661Z - [SYNC]: project graph hash is the same, not collecting task sync generators
[NX v21.3.11 Daemon Server] - 2025-09-01T13:57:30.662Z - [SYNC]: nx.json hash is the same, not collecting global sync generators
[NX v21.3.11 Daemon Server] - 2025-09-01T13:57:30.662Z - Time taken for 'total execution time for createProjectGraph()' 111.99020000000019ms
[NX v21.3.11 Daemon Server] - 2025-09-01T13:57:30.706Z - Closed a connection. Number of open connections: 3
[NX v21.3.11 Daemon Server] - 2025-09-01T13:57:30.707Z - Closed a connection. Number of open connections: 2
[NX v21.3.11 Daemon Server] - 2025-09-01T13:57:30.707Z - Closed a connection. Number of open connections: 1
[NX v21.3.11 Daemon Server] - 2025-09-01T13:57:30.707Z - Closed a connection. Number of open connections: 0
[NX v21.3.11 Daemon Server] - 2025-09-01T13:57:30.712Z - [WATCHER]: Stopping the watcher for C:\Users\ASUS\Desktop\jobber (sources)
[NX v21.3.11 Daemon Server] - 2025-09-01T13:57:30.722Z - [WATCHER]: Stopping the watcher for C:\Users\ASUS\Desktop\jobber (outputs)
[NX v21.3.11 Daemon Server] - 2025-09-01T13:57:30.726Z - Server stopped because: "LOCK_FILES_CHANGED"
[NX v21.3.11 Daemon Server] - 2025-09-01T13:57:40.375Z - Started listening on: \\.\pipe\nx\C:\Users\ASUS\AppData\Local\Temp\f594fa98251f7bf8dec9\d.sock
[NX v21.3.11 Daemon Server] - 2025-09-01T13:57:40.503Z - [WATCHER]: Subscribed to changes within: c:\Users\ASUS\Desktop\jobber (native)
[NX v21.3.11 Daemon Server] - 2025-09-01T13:57:40.535Z - Established a connection. Number of open connections: 1
[NX v21.3.11 Daemon Server] - 2025-09-01T13:57:40.539Z - Established a connection. Number of open connections: 2
[NX v21.3.11 Daemon Server] - 2025-09-01T13:57:40.545Z - Closed a connection. Number of open connections: 1
[NX v21.3.11 Daemon Server] - 2025-09-01T13:57:40.600Z - [REQUEST]: Responding to the client. handleMultiGlob
[NX v21.3.11 Daemon Server] - 2025-09-01T13:57:40.602Z - Done responding to the client handleMultiGlob
[NX v21.3.11 Daemon Server] - 2025-09-01T13:57:40.603Z - Handled MULTI_GLOB. Handling time: 47. Response time: 3.
Time for 'plugin worker 10156 code loading' 140.7265
Time for 'plugin worker 9004 code loading' 53.757799999999975
[NX v21.3.11 Daemon Server] - 2025-09-01T13:57:41.853Z - Established a connection. Number of open connections: 2
[NX v21.3.11 Daemon Server] - 2025-09-01T13:57:41.858Z - [REQUEST]: Client Request for Project Graph Received
[NX v21.3.11 Daemon Server] - 2025-09-01T13:57:41.861Z - Closed a connection. Number of open connections: 1
Time for 'plugin worker 5232 code loading' 156.35379999999998
Time for 'plugin worker 13344 code loading' 24.16160000000002
Time for 'plugin worker 7496 code loading' 95.1733999999999
Time for 'plugin worker 620 code loading' 17.115699999999947
[NX v21.3.11 Daemon Server] - 2025-09-01T13:57:44.350Z - Time taken for 'Load Nx Plugin: c:\Users\ASUS\Desktop\jobber\node_modules\nx\src\plugins\package-json' 3717.4528999999998ms
[NX v21.3.11 Daemon Server] - 2025-09-01T13:57:44.481Z - Time taken for 'Load Nx Plugin: c:\Users\ASUS\Desktop\jobber\node_modules\nx\src\plugins\project-json\build-nodes\project-json' 3836.1334ms
[NX v21.3.11 Daemon Server] - 2025-09-01T13:57:44.591Z - Time taken for 'loadDefaultNxPlugins' 3962.9105999999997ms
[NX v21.3.11 Daemon Server] - 2025-09-01T13:57:45.297Z - Time taken for 'Load Nx Plugin: @nx/eslint/plugin' 4678.6440999999995ms
[NX v21.3.11 Daemon Server] - 2025-09-01T13:57:45.618Z - Time taken for 'Load Nx Plugin: @nx/jest/plugin' 4994.9704ms
[NX v21.3.11 Daemon Server] - 2025-09-01T13:57:45.717Z - [REQUEST]: Updated workspace context based on watched changes, recomputing project graph...
[NX v21.3.11 Daemon Server] - 2025-09-01T13:57:45.717Z - [REQUEST]: 
[NX v21.3.11 Daemon Server] - 2025-09-01T13:57:45.718Z - [REQUEST]: 
[NX v21.3.11 Daemon Server] - 2025-09-01T13:57:45.730Z - Reusing in-memory cached project graph because no files changed.
Time for 'nx/core/package-json:createNodes' 2.1224999999994907
Time for 'nx/core/project-json:createNodes' 1.6655000000000655
[NX v21.3.11 Daemon Server] - 2025-09-01T13:57:45.763Z - Time taken for 'loadSpecifiedNxPlugins' 5092.642399999999ms
Time for 'nx/js/dependencies-and-lockfile:createNodes' 16.281999999999243
Time for '@nx/jest/plugin:createNodes' 75.63810000000012
Time for 'workspace context init' 5.396899999999732
Time for 'workspace context init' 5.237200000000485
Time for '@nx/eslint/plugin:createNodes' 15136.9607
Time for '@nx/webpack/plugin:createNodes' 27220.6987
Time for 'workspace context init' 11.436599999999999
[NX v21.3.11 Daemon Server] - 2025-09-01T13:58:13.104Z - Time taken for 'build-project-configs' 27251.3372ms
Time for 'build typescript dependencies' 0.35099999999874854
[NX v21.3.11 Daemon Server] - 2025-09-01T13:58:13.144Z - Wrote project graph cache to c:\Users\ASUS\Desktop\jobber\.nx\workspace-data\project-graph.json
[NX v21.3.11 Daemon Server] - 2025-09-01T13:58:13.144Z - [SYNC]: collect registered sync generators
[NX v21.3.11 Daemon Server] - 2025-09-01T13:58:13.147Z - [REQUEST]: Responding to the client. project-graph
[NX v21.3.11 Daemon Server] - 2025-09-01T13:58:13.149Z - Time taken for 'total for creating and serializing project graph' 31288.6465ms
[NX v21.3.11 Daemon Server] - 2025-09-01T13:58:13.150Z - Done responding to the client project-graph
[NX v21.3.11 Daemon Server] - 2025-09-01T13:58:13.150Z - Handled REQUEST_PROJECT_GRAPH. Handling time: 31289. Response time: 3.
[NX v21.3.11 Daemon Server] - 2025-09-01T13:58:13.174Z - [REQUEST]: Responding to the client. handleNxWorkspaceFiles
[NX v21.3.11 Daemon Server] - 2025-09-01T13:58:13.175Z - Done responding to the client handleNxWorkspaceFiles
[NX v21.3.11 Daemon Server] - 2025-09-01T13:58:13.175Z - Handled GET_NX_WORKSPACE_FILES. Handling time: 14. Response time: 1.
[NX v21.3.11 Daemon Server] - 2025-09-01T13:58:13.234Z - [REQUEST]: Responding to the client. handleContextFileData
[NX v21.3.11 Daemon Server] - 2025-09-01T13:58:13.235Z - Done responding to the client handleContextFileData
[NX v21.3.11 Daemon Server] - 2025-09-01T13:58:13.235Z - Handled GET_CONTEXT_FILE_DATA. Handling time: 0. Response time: 1.
[NX v21.3.11 Daemon Server] - 2025-09-01T13:58:13.236Z - Closed a connection. Number of open connections: 0
[NX v21.3.11 Daemon Server] - 2025-09-01T13:59:18.871Z - [WATCHER]: package.json was modified
[NX v21.3.11 Daemon Server] - 2025-09-01T13:59:18.874Z - [WATCHER]: Processing file changes in outputs
[NX v21.3.11 Daemon Server] - 2025-09-01T13:59:19.044Z - [REQUEST]: Updated workspace context based on watched changes, recomputing project graph...
[NX v21.3.11 Daemon Server] - 2025-09-01T13:59:19.045Z - [REQUEST]: package.json
[NX v21.3.11 Daemon Server] - 2025-09-01T13:59:19.045Z - [REQUEST]: 
Time for 'nx/core/package-json:createNodes' 1.2893000000040047
Time for 'nx/core/project-json:createNodes' 5.72970000001078
[NX v21.3.11 Daemon Server] - 2025-09-01T13:59:19.127Z - Time taken for 'hash changed files from watcher' 69.54420000000391ms
Time for '@nx/jest/plugin:createNodes' 18.285999999992782
Time for 'nx/js/dependencies-and-lockfile:createNodes' 14.96710000000894
Time for '@nx/eslint/plugin:createNodes' 76.88999999999942
Time for '@nx/webpack/plugin:createNodes' 92.12619999999879
[NX v21.3.11 Daemon Server] - 2025-09-01T13:59:19.233Z - Time taken for 'build-project-configs' 99.8076000000001ms
Time for 'build typescript dependencies' 0.09759999999369029
[NX v21.3.11 Daemon Server] - 2025-09-01T13:59:19.271Z - Wrote project graph cache to c:\Users\ASUS\Desktop\jobber\.nx\workspace-data\project-graph.json
[NX v21.3.11 Daemon Server] - 2025-09-01T13:59:19.271Z - [SYNC]: collect registered sync generators
[NX v21.3.11 Daemon Server] - 2025-09-01T13:59:19.272Z - [SYNC]: project graph hash is the same, not collecting task sync generators
[NX v21.3.11 Daemon Server] - 2025-09-01T13:59:19.273Z - [SYNC]: nx.json hash is the same, not collecting global sync generators
[NX v21.3.11 Daemon Server] - 2025-09-01T13:59:19.273Z - Time taken for 'total execution time for createProjectGraph()' 26.805200000002515ms
[NX v21.3.11 Daemon Server] - 2025-09-01T13:59:21.318Z - [WATCHER]: Processing file changes in outputs
[NX v21.3.11 Daemon Server] - 2025-09-01T13:59:21.407Z - [WATCHER]: Stopping the watcher for c:\Users\ASUS\Desktop\jobber (sources)
[NX v21.3.11 Daemon Server] - 2025-09-01T13:59:21.414Z - [WATCHER]: Stopping the watcher for c:\Users\ASUS\Desktop\jobber (outputs)
[NX v21.3.11 Daemon Server] - 2025-09-01T13:59:21.445Z - Server stopped because: "LOCK_FILES_CHANGED"
